<?xml version="1.0" encoding="UTF-8"?>
<testsuite name="com.kodilla.stream.array.ArrayOperationsTestSuite" tests="1" skipped="0" failures="0" errors="0" timestamp="2018-10-07T19:30:13" hostname="DESKTOP-63HB9EO" time="0.011">
  <properties/>
  <testcase name="testGetAverage" classname="com.kodilla.stream.array.ArrayOperationsTestSuite" time="0.011"/>
  <system-out><![CDATA[10
20
30
50
80
100
60
]]></system-out>
  <system-err><![CDATA[]]></system-err>
</testsuite>
