<?xml version="1.0" encoding="UTF-8"?>
<testsuite name="com.kodilla.testing.weather.mock.WeatherForecastTestSuit" tests="1" skipped="0" failures="0" errors="0" timestamp="2018-08-08T20:01:57" hostname="DESKTOP-63HB9EO" time="0.026">
  <properties/>
  <testcase name="testCalculateForecastWithMock" classname="com.kodilla.testing.weather.mock.WeatherForecastTestSuit" time="0.026"/>
  <system-out><![CDATA[]]></system-out>
  <system-err><![CDATA[]]></system-err>
</testsuite>
