<?xml version="1.0" encoding="UTF-8"?>
<testsuite name="com.kodilla.testing.forum.statistics.StatisticsMockTestSuit" tests="6" skipped="0" failures="0" errors="0" timestamp="2018-10-07T19:30:15" hostname="DESKTOP-63HB9EO" time="0.518">
  <properties/>
  <testcase name="testCalculateStatisticsWithMock1" classname="com.kodilla.testing.forum.statistics.StatisticsMockTestSuit" time="0.512"/>
  <testcase name="testCalculateStatisticsWithMock2" classname="com.kodilla.testing.forum.statistics.StatisticsMockTestSuit" time="0.0"/>
  <testcase name="testCalculateStatisticsWithMock3" classname="com.kodilla.testing.forum.statistics.StatisticsMockTestSuit" time="0.001"/>
  <testcase name="testCalculateStatisticsWithMock4" classname="com.kodilla.testing.forum.statistics.StatisticsMockTestSuit" time="0.001"/>
  <testcase name="testCalculateStatisticsWithMock5" classname="com.kodilla.testing.forum.statistics.StatisticsMockTestSuit" time="0.001"/>
  <testcase name="testCalculateStatisticsWithMock6" classname="com.kodilla.testing.forum.statistics.StatisticsMockTestSuit" time="0.001"/>
  <system-out><![CDATA[Tests began
Test #1
Test #2
Test #3
Test #4
Test #5
Test #6
Tests finished
]]></system-out>
  <system-err><![CDATA[]]></system-err>
</testsuite>
