<?xml version="1.0" encoding="UTF-8"?>
<testsuite name="com.kodilla.patterns.prototype.BoardTestSuite" tests="1" skipped="0" failures="0" errors="0" timestamp="2018-08-08T19:32:11" hostname="DESKTOP-63HB9EO" time="0.025">
  <properties/>
  <testcase name="testToString" classname="com.kodilla.patterns.prototype.BoardTestSuite" time="0.025"/>
  <system-out><![CDATA[Board [Project number 1]
   List [To Do Tasks]
      Task [Task to do number 1]
      Task [Task to do number 2]
      Task [Task to do number 3]
      Task [Task to do number 4]
      Task [Task to do number 5]
      Task [Task to do number 6]
      Task [Task to do number 7]
      Task [Task to do number 8]
      Task [Task to do number 9]
      Task [Task to do number 10]
   List [In Progress Tasks]
      Task [Task in progress number 1]
      Task [Task in progress number 2]
      Task [Task in progress number 3]
      Task [Task in progress number 4]
      Task [Task in progress number 5]
      Task [Task in progress number 6]
      Task [Task in progress number 7]
      Task [Task in progress number 8]
      Task [Task in progress number 9]
      Task [Task in progress number 10]

Board [Project number 2]
   List [To Do Tasks]
      Task [Task to do number 1]
      Task [Task to do number 2]
      Task [Task to do number 3]
      Task [Task to do number 4]
      Task [Task to do number 5]
      Task [Task to do number 6]
      Task [Task to do number 7]
      Task [Task to do number 8]
      Task [Task to do number 9]
      Task [Task to do number 10]
   List [In Progress Tasks]
      Task [Task in progress number 1]
      Task [Task in progress number 2]
      Task [Task in progress number 3]
      Task [Task in progress number 4]
      Task [Task in progress number 5]
      Task [Task in progress number 6]
      Task [Task in progress number 7]
      Task [Task in progress number 8]
      Task [Task in progress number 9]
      Task [Task in progress number 10]

Board [Project number 3]
   List [Done Tasks]
      Task [Task done number 1]
      Task [Task done number 2]
      Task [Task done number 3]
      Task [Task done number 4]
      Task [Task done number 5]
      Task [Task done number 6]
      Task [Task done number 7]
      Task [Task done number 8]
      Task [Task done number 9]
      Task [Task done number 10]
   List [In Progress Tasks]
      Task [Task in progress number 1]
      Task [Task in progress number 2]
      Task [Task in progress number 3]
      Task [Task in progress number 4]
      Task [Task in progress number 5]
      Task [Task in progress number 6]
      Task [Task in progress number 7]
      Task [Task in progress number 8]
      Task [Task in progress number 9]
      Task [Task in progress number 10]
   List [To Do Tasks]
      Task [Task to do number 1]
      Task [Task to do number 2]
      Task [Task to do number 3]
      Task [Task to do number 4]
      Task [Task to do number 5]
      Task [Task to do number 6]
      Task [Task to do number 7]
      Task [Task to do number 8]
      Task [Task to do number 9]
      Task [Task to do number 10]

]]></system-out>
  <system-err><![CDATA[]]></system-err>
</testsuite>
