<?xml version="1.0" encoding="UTF-8"?>
<testsuite name="com.kodilla.patterns.factory.tasks.TaskFactoryTestSuite" tests="3" skipped="0" failures="0" errors="0" timestamp="2018-08-08T19:32:11" hostname="DESKTOP-63HB9EO" time="0.017">
  <properties/>
  <testcase name="testFactoryPainting" classname="com.kodilla.patterns.factory.tasks.TaskFactoryTestSuite" time="0.009"/>
  <testcase name="testFactoryDriving" classname="com.kodilla.patterns.factory.tasks.TaskFactoryTestSuite" time="0.004"/>
  <testcase name="testFactoryShopping" classname="com.kodilla.patterns.factory.tasks.TaskFactoryTestSuite" time="0.004"/>
  <system-out><![CDATA[Painting a wall with a pink color.
Driving to somewhere with a bicycle.
Buying 1.5 kg of apples.
]]></system-out>
  <system-err><![CDATA[]]></system-err>
</testsuite>
