<?xml version="1.0" encoding="UTF-8"?>
<testsuite name="com.kodilla.patterns.singleton.LoggerTestSuite" tests="1" skipped="0" failures="0" errors="0" timestamp="2018-08-08T19:32:11" hostname="DESKTOP-63HB9EO" time="0.004">
  <properties/>
  <testcase name="LoggerTest" classname="com.kodilla.patterns.singleton.LoggerTestSuite" time="0.004"/>
  <system-out><![CDATA[]]></system-out>
  <system-err><![CDATA[]]></system-err>
</testsuite>
