<?xml version="1.0" encoding="UTF-8"?>
<testsuite name="com.kodilla.jdbc.StoredProcTestSuite" tests="2" skipped="0" failures="0" errors="0" timestamp="2018-10-07T19:30:11" hostname="DESKTOP-63HB9EO" time="0.133">
  <properties/>
  <testcase name="testUpdateBestsellers" classname="com.kodilla.jdbc.StoredProcTestSuite" time="0.102"/>
  <testcase name="testUpdateVipLevels" classname="com.kodilla.jdbc.StoredProcTestSuite" time="0.031"/>
  <system-out><![CDATA[]]></system-out>
  <system-err><![CDATA[]]></system-err>
</testsuite>
