<?xml version="1.0" encoding="UTF-8"?>
<testsuite name="com.kodilla.jdbc.DbManagerTestSuite" tests="3" skipped="0" failures="0" errors="0" timestamp="2018-08-08T19:32:09" hostname="DESKTOP-63HB9EO" time="0.223">
  <properties/>
  <testcase name="testSelectUsers" classname="com.kodilla.jdbc.DbManagerTestSuite" time="0.219"/>
  <testcase name="testSelectedUsersAndPosts" classname="com.kodilla.jdbc.DbManagerTestSuite" time="0.004"/>
  <testcase name="testConnect" classname="com.kodilla.jdbc.DbManagerTestSuite" time="0.0"/>
  <system-out><![CDATA[1, John, Smith
2, Charles, Bediako
3, Jim, Dyke
4, Zachary, Lee
5, Stephanie, Kovalsky
6, Thomas, Landgren
7, John, Thomson
Charles, Bediako
]]></system-out>
  <system-err><![CDATA[]]></system-err>
</testsuite>
